<?xml version="1.0" encoding="UTF-8"?>
<!-- Generated by org.testng.reporters.JUnitReportReporter -->
<testsuite skipped="0" hostname="NW-GAGANQA-PC" name="testCases.Day4" tests="1" failures="0" timestamp="2021-05-03T18:34:52 IST" time="15.384" errors="0">
  <testcase name="test1" time="15.384" classname="testCases.Day4"/>
  <system-out/>
</testsuite> <!-- testCases.Day4 -->
