<?xml version="1.0" encoding="UTF-8"?>
<!-- Generated by org.testng.reporters.JUnitReportReporter -->
<testsuite skipped="0" hostname="NW-GAGANQA-PC" name="testCases.Day2" tests="2" failures="0" timestamp="2021-05-04T10:08:03 IST" time="12.143" errors="0">
  <testcase name="test1" time="3.238" classname="testCases.Day2"/>
  <system-out/>
  <testcase name="test2" time="8.905" classname="testCases.Day2"/>
  <system-out/>
</testsuite> <!-- testCases.Day2 -->
