<?xml version="1.0" encoding="UTF-8"?>
<!-- Generated by org.testng.reporters.JUnitReportReporter -->
<testsuite skipped="0" hostname="NW-GAGANQA-PC" name="testCases.TC_01" tests="2" failures="0" timestamp="2021-04-30T18:33:15 IST" time="6.709" errors="0">
  <testcase name="showtext" time="2.808" classname="testCases.TC_01"/>
  <system-out/>
  <testcase name="AppNameExistOnScreen" time="3.901" classname="testCases.TC_01"/>
  <system-out/>
</testsuite> <!-- testCases.TC_01 -->
